<?xml version="1.0" encoding="UTF-8"?>
<testng-results skipped="0" failed="0" ignored="0" total="1" passed="1">
  <reporter-output>
  </reporter-output>
  <suite name="Default suite" duration-ms="47780" started-at="2018-06-20T11:04:36Z" finished-at="2018-06-20T11:05:24Z">
    <groups>
    </groups>
    <test name="Default test" duration-ms="47780" started-at="2018-06-20T11:04:36Z" finished-at="2018-06-20T11:05:24Z">
      <class name="automatedScripts.LoginModule">
        <test-method status="PASS" signature="beforeMethod()[pri:0, instance:automatedScripts.LoginModule@7a9273a8]" name="beforeMethod" is-config="true" duration-ms="46378" started-at="2018-06-20T11:04:36Z" finished-at="2018-06-20T11:05:23Z">
          <reporter-output>
          </reporter-output>
        </test-method> <!-- beforeMethod -->
        <test-method status="PASS" signature="sn_1()[pri:0, instance:automatedScripts.LoginModule@7a9273a8]" name="sn_1" duration-ms="71" started-at="2018-06-20T11:05:23Z" finished-at="2018-06-20T11:05:23Z">
          <reporter-output>
          </reporter-output>
        </test-method> <!-- sn_1 -->
        <test-method status="PASS" signature="afterMethod()[pri:0, instance:automatedScripts.LoginModule@7a9273a8]" name="afterMethod" is-config="true" duration-ms="1305" started-at="2018-06-20T11:05:23Z" finished-at="2018-06-20T11:05:24Z">
          <reporter-output>
          </reporter-output>
        </test-method> <!-- afterMethod -->
      </class> <!-- automatedScripts.LoginModule -->
    </test> <!-- Default test -->
  </suite> <!-- Default suite -->
</testng-results>
